<?xml version="1.0" encoding="UTF-8"?>
<testng-results ignored="0" total="1" passed="1" failed="0" skipped="0">
  <reporter-output>
  </reporter-output>
  <suite started-at="2023-10-05T22:27:22 IST" name="Suite" finished-at="2023-10-05T22:27:27 IST" duration-ms="5287">
    <groups>
    </groups>
    <test started-at="2023-10-05T22:27:22 IST" name="Test" finished-at="2023-10-05T22:27:27 IST" duration-ms="5287">
      <class name="AWS_Docker">
        <test-method signature="AWS1()[pri:1, instance:AWS_Docker@5c909414]" started-at="2023-10-05T22:27:22 IST" name="AWS1" finished-at="2023-10-05T22:27:27 IST" duration-ms="5246" status="PASS">
          <reporter-output>
          </reporter-output>
        </test-method> <!-- AWS1 -->
      </class> <!-- AWS_Docker -->
    </test> <!-- Test -->
  </suite> <!-- Suite -->
</testng-results>
