<?xml version="1.0" encoding="UTF-8"?>
<testng-results ignored="0" total="1" passed="1" failed="0" skipped="0">
  <reporter-output>
  </reporter-output>
  <suite started-at="2023-10-04T22:13:57 IST" name="Suite" finished-at="2023-10-04T22:14:02 IST" duration-ms="5143">
    <groups>
    </groups>
    <test started-at="2023-10-04T22:13:57 IST" name="Test" finished-at="2023-10-04T22:14:02 IST" duration-ms="5143">
      <class name="AWS_Docker">
        <test-method signature="AWS1()[pri:1, instance:AWS_Docker@6d2a209c]" started-at="2023-10-04T22:13:57 IST" name="AWS1" finished-at="2023-10-04T22:14:02 IST" duration-ms="4974" status="PASS">
          <reporter-output>
          </reporter-output>
        </test-method> <!-- AWS1 -->
        <test-method is-config="true" signature="aftermethod()[pri:0, instance:AWS_Docker@6d2a209c]" started-at="2023-10-04T22:14:02 IST" name="aftermethod" finished-at="2023-10-04T22:14:02 IST" duration-ms="140" status="PASS">
          <reporter-output>
          </reporter-output>
        </test-method> <!-- aftermethod -->
      </class> <!-- AWS_Docker -->
    </test> <!-- Test -->
  </suite> <!-- Suite -->
</testng-results>
