<?xml version="1.0" encoding="UTF-8"?>
<testng-results ignored="0" total="1" passed="1" failed="0" skipped="0">
  <reporter-output>
  </reporter-output>
  <suite started-at="2023-10-05T22:45:51 IST" name="Default suite" finished-at="2023-10-05T22:46:01 IST" duration-ms="10626">
    <groups>
    </groups>
    <test started-at="2023-10-05T22:45:51 IST" name="Default test" finished-at="2023-10-05T22:46:01 IST" duration-ms="10626">
      <class name="AWS_Docker">
        <test-method signature="AWS1()[pri:1, instance:AWS_Docker@f5ac9e4]" started-at="2023-10-05T22:45:51 IST" name="AWS1" finished-at="2023-10-05T22:46:01 IST" duration-ms="10599" status="PASS">
          <reporter-output>
          </reporter-output>
        </test-method> <!-- AWS1 -->
      </class> <!-- AWS_Docker -->
    </test> <!-- Default test -->
  </suite> <!-- Default suite -->
</testng-results>
